"D:\Clion\CLion 2020.2.1\bin\cmake\win\bin\cmake.exe" -DCMAKE_BUILD_TYPE=Debug -G "CodeBlocks - MinGW Makefiles" F:\Robolab\yanmar_svn\【二期】2020年10月开始\软件源文件\loging_detection\src\loding_detection
-- The C compiler identification is GNU 8.1.0
-- The CXX compiler identification is GNU 8.1.0
-- Check for working C compiler: D:/mingw64/bin/gcc.exe
-- Check for working C compiler: D:/mingw64/bin/gcc.exe - broken
CMake Error at D:/Clion/CLion 2020.2.1/bin/cmake/win/share/cmake-3.17/Modules/CMakeTestCCompiler.cmake:60 (message):
  The C compiler

    "D:/mingw64/bin/gcc.exe"

  is not able to compile a simple test program.

  It fails with the following output:

    Change Dir: F:/Robolab/yanmar_svn/銆愪簩鏈熴��2020骞�10鏈堝紑濮�/杞欢婧愭枃浠�/loging_detection/src/loding_detection/cmake-build-debug/CMakeFiles/CMakeTmp
    
    Run Build Command(s):D:/mingw64/bin/mingw32-make.exe cmTC_d6f86/fast && D:/mingw64/bin/mingw32-make.exe  -f CMakeFiles\cmTC_d6f86.dir\build.make CMakeFiles/cmTC_d6f86.dir/build
    mingw32-make.exe[1]: Entering directory 'F:/Robolab/yanmar_svn/銆愪簩鏈熴��2020骞�10鏈堝紑濮�/杞欢婧愭枃浠�/loging_detection/src/loding_detection/cmake-build-debug/CMakeFiles/CMakeTmp'
    Building C object CMakeFiles/cmTC_d6f86.dir/testCCompiler.c.obj
    D:\mingw64\bin\gcc.exe    -o CMakeFiles\cmTC_d6f86.dir\testCCompiler.c.obj   -c F:\Robolab\yanmar_svn\閵嗘劒绨╅張鐔粹偓?020楠�?0閺堝牆绱戞慨濯嗘潪顖欐濠ф劖鏋冩禒绂眑oging_detection\src\loding_detection\cmake-build-debug\CMakeFiles\CMakeTmp\testCCompiler.c
    gcc.exe: error: F:\Robolab\yanmar_svn\閵嗘劒绨╅張鐔粹偓?020楠�?0閺堝牆绱戞慨濯嗘潪顖欐濠ф劖鏋冩禒绂眑oging_detection\src\loding_detection\cmake-build-debug\CMakeFiles\CMakeTmp\testCCompiler.c: Invalid argument
    gcc.exe: fatal error: no input files
    compilation terminated.
    mingw32-make.exe[1]: *** [CMakeFiles\cmTC_d6f86.dir\build.make:85: CMakeFiles/cmTC_d6f86.dir/testCCompiler.c.obj] Error 1
    mingw32-make.exe[1]: Leaving directory 'F:/Robolab/yanmar_svn/銆愪簩鏈熴��2020骞�10鏈堝紑濮�/杞欢婧愭枃浠�/loging_detection/src/loding_detection/cmake-build-debug/CMakeFiles/CMakeTmp'
    mingw32-make.exe: *** [Makefile:140: cmTC_d6f86/fast] Error 2
    
    

  

  CMake will not be able to correctly generate this project.
Call Stack (most recent call first):
  CMakeLists.txt:2 (project)


-- Configuring incomplete, errors occurred!
See also "F:/Robolab/yanmar_svn/銆愪簩鏈熴��2020骞�10鏈堝紑濮�/杞欢婧愭枃浠�/loging_detection/src/loding_detection/cmake-build-debug/CMakeFiles/CMakeOutput.log".
See also "F:/Robolab/yanmar_svn/銆愪簩鏈熴��2020骞�10鏈堝紑濮�/杞欢婧愭枃浠�/loging_detection/src/loding_detection/cmake-build-debug/CMakeFiles/CMakeError.log".
